<?xml version="1.0" encoding="UTF-8"?>
<!-- Generated by org.testng.reporters.JUnitReportReporter -->
<testsuite skipped="0" hostname="LAP-MSRIVASTAVA1" name="com.basic.GoogleTest.GoogleLinkUpandRunning" tests="1" failures="0" timestamp="10 Jan 2021 06:47:24 GMT" time="4.259" errors="0">
  <testcase name="testGoogle" time="4.259" classname="com.basic.GoogleTest.GoogleLinkUpandRunning"/>
</testsuite> <!-- com.basic.GoogleTest.GoogleLinkUpandRunning -->
